<?xml version="1.0" encoding="UTF-8"?>
<!-- Generated by org.testng.reporters.JUnitXMLReporter -->
<testsuite hostname="Patwardhan" ignored="0" name="Default test" tests="3" failures="0" timestamp="2021-05-10T16:23:55 CDT" time="3.003" errors="0">
  <testcase name="testResponseBody" time="2.754" classname="getRequest.GetData"/>
  <testcase name="testResponseCode" time="0.094" classname="getRequest.GetData"/>
  <testcase name="testResponseTime" time="0.101" classname="getRequest.GetData"/>
</testsuite> <!-- Default test -->
